<?xml version="1.0" encoding="UTF-8"?>
<!-- Generated by org.testng.reporters.JUnitReportReporter -->
<testsuite skipped="0" hostname="Uranus-Dell" name="Runners.Run" tests="2" failures="0" timestamp="2022-06-08T17:04:31 IST" time="0.060" errors="0">
  <testcase name="runScenario" time="0.055" classname="Runners.Run"/>
  <system-out/>
  <testcase name="runScenario" time="0.005" classname="Runners.Run"/>
  <system-out/>
</testsuite> <!-- Runners.Run -->
